This file contains any messages produced by compilers while
running configure, to aid debugging if configure makes a mistake.

It was created by tk configure 9.0, which was
generated by GNU Autoconf 2.72.  Invocation command line was

  $ ./configure --prefix=/app

## --------- ##
## Platform. ##
## --------- ##

hostname = alse
uname -m = x86_64
uname -r = 6.1.90-1-generic
uname -s = Linux
uname -v = #astra2+ci10 SMP PREEMPT_DYNAMIC Tue Jun 11 23:34:59 MSK 2024

/usr/bin/uname -p = unknown
/bin/uname -X     = unknown

/bin/arch              = x86_64
/usr/bin/arch -k       = unknown
/usr/convex/getsysinfo = unknown
/usr/bin/hostinfo      = unknown
/bin/machine           = unknown
/usr/bin/oslevel       = unknown
/bin/universe          = unknown

PATH: /app/bin/
PATH: /usr/bin/


## ----------- ##
## Core tests. ##
## ----------- ##

configure:2635: checking for Tcl configuration
configure:2740: result: found /app/lib/tclConfig.sh
configure:2746: checking for existence of /app/lib/tclConfig.sh
configure:2750: result: loading
configure:2811: checking for tclsh
configure:2837: result: /app/bin/tclsh9.0
configure:2848: checking for tclsh in Tcl build directory
configure:2851: result: /app/lib/tclsh
configure:2875: checking whether to use symlinks for manpages
configure:2886: result: no
configure:2889: checking whether to compress the manpages
configure:2904: result: no
configure:2918: checking whether to add a package name suffix for the manpages
configure:2933: result: no
configure:3012: checking for gcc
configure:3033: found /usr/bin/gcc
configure:3045: result: gcc
configure:3404: checking for C compiler version
configure:3413: gcc --version >&5
gcc (GCC) 12.2.0
Copyright (C) 2022 Free Software Foundation, Inc.
This is free software; see the source for copying conditions.  There is NO
warranty; not even for MERCHANTABILITY or FITNESS FOR A PARTICULAR PURPOSE.

configure:3424: $? = 0
configure:3413: gcc -v >&5
Using built-in specs.
COLLECT_GCC=gcc
COLLECT_LTO_WRAPPER=/usr/libexec/gcc/x86_64-unknown-linux-gnu/12.2.0/lto-wrapper
Target: x86_64-unknown-linux-gnu
Configured with: ../configure --prefix=/usr --exec-prefix=/usr --bindir=/usr/bin --sbindir=/usr/bin --sysconfdir=/etc --datadir=/usr/share --includedir=/usr/include --libdir=/usr/lib --libexecdir=/usr/libexec --localstatedir=/var --sharedstatedir=/usr/com --mandir=/usr/share/man --infodir=/usr/share/info --enable-deterministic-archives --enable-shared --build=x86_64-bootstrapper-linux-gnu --host=x86_64-unknown-linux-gnu lt_cv_sys_lib_dlsearch_path_spec=/usr/lib/x86_64-linux-gnu --target=x86_64-unknown-linux-gnu --disable-multilib --enable-multiarch --disable-bootstrap --with-build-sysroot=/cross-installation --enable-languages=c,c++,fortran,objc,obj-c++ --enable-default-pie --enable-default-ssp --with-isl --disable-libssp --enable-linker-build-id --disable-libstdcxx-filesystem-ts --enable-cet host_configargs=lt_cv_sys_lib_dlsearch_path_spec=/usr/lib/x86_64-linux-gnu target_configargs=lt_cv_sys_lib_dlsearch_path_spec=/usr/lib/x86_64-linux-gnu --with-tune=generic
Thread model: posix
Supported LTO compression algorithms: zlib
gcc version 12.2.0 (GCC) 
configure:3424: $? = 0
configure:3413: gcc -V >&5
gcc: error: unrecognized command-line option '-V'
gcc: fatal error: no input files
compilation terminated.
configure:3424: $? = 1
configure:3413: gcc -qversion >&5
gcc: error: unrecognized command-line option '-qversion'; did you mean '--version'?
gcc: fatal error: no input files
compilation terminated.
configure:3424: $? = 1
configure:3413: gcc -version >&5
gcc: error: unrecognized command-line option '-version'
gcc: fatal error: no input files
compilation terminated.
configure:3424: $? = 1
configure:3444: checking whether the C compiler works
configure:3466: gcc -O2 -g -pipe -Wp,-D_FORTIFY_SOURCE=2 -Wp,-D_GLIBCXX_ASSERTIONS -fexceptions -fstack-protector-strong -grecord-gcc-switches -fasynchronous-unwind-tables -fstack-clash-protection -fcf-protection -fno-omit-frame-pointer   -L/app/lib -Wl,-z,relro,-z,now -Wl,--as-needed  conftest.c  >&5
configure:3470: $? = 0
configure:3521: result: yes
configure:3525: checking for C compiler default output file name
configure:3527: result: a.out
configure:3533: checking for suffix of executables
configure:3540: gcc -o conftest -O2 -g -pipe -Wp,-D_FORTIFY_SOURCE=2 -Wp,-D_GLIBCXX_ASSERTIONS -fexceptions -fstack-protector-strong -grecord-gcc-switches -fasynchronous-unwind-tables -fstack-clash-protection -fcf-protection -fno-omit-frame-pointer   -L/app/lib -Wl,-z,relro,-z,now -Wl,--as-needed  conftest.c  >&5
configure:3544: $? = 0
configure:3568: result: 
configure:3592: checking whether we are cross compiling
configure:3600: gcc -o conftest -O2 -g -pipe -Wp,-D_FORTIFY_SOURCE=2 -Wp,-D_GLIBCXX_ASSERTIONS -fexceptions -fstack-protector-strong -grecord-gcc-switches -fasynchronous-unwind-tables -fstack-clash-protection -fcf-protection -fno-omit-frame-pointer   -L/app/lib -Wl,-z,relro,-z,now -Wl,--as-needed  conftest.c  >&5
configure:3604: $? = 0
configure:3611: ./conftest
configure:3615: $? = 0
configure:3630: result: no
configure:3636: checking for suffix of object files
configure:3659: gcc -c -O2 -g -pipe -Wp,-D_FORTIFY_SOURCE=2 -Wp,-D_GLIBCXX_ASSERTIONS -fexceptions -fstack-protector-strong -grecord-gcc-switches -fasynchronous-unwind-tables -fstack-clash-protection -fcf-protection -fno-omit-frame-pointer   conftest.c >&5
configure:3663: $? = 0
configure:3687: result: o
configure:3691: checking whether the compiler supports GNU C
configure:3711: gcc -c -O2 -g -pipe -Wp,-D_FORTIFY_SOURCE=2 -Wp,-D_GLIBCXX_ASSERTIONS -fexceptions -fstack-protector-strong -grecord-gcc-switches -fasynchronous-unwind-tables -fstack-clash-protection -fcf-protection -fno-omit-frame-pointer   conftest.c >&5
configure:3711: $? = 0
configure:3723: result: yes
configure:3734: checking whether gcc accepts -g
configure:3755: gcc -c -g  conftest.c >&5
configure:3755: $? = 0
configure:3802: result: yes
configure:3822: checking for gcc option to enable C11 features
configure:3837: gcc  -c -O2 -g -pipe -Wp,-D_FORTIFY_SOURCE=2 -Wp,-D_GLIBCXX_ASSERTIONS -fexceptions -fstack-protector-strong -grecord-gcc-switches -fasynchronous-unwind-tables -fstack-clash-protection -fcf-protection -fno-omit-frame-pointer   conftest.c >&5
configure:3837: $? = 0
configure:3856: result: none needed
configure:3975: checking for inline
configure:3992: gcc -c -O2 -g -pipe -Wp,-D_FORTIFY_SOURCE=2 -Wp,-D_GLIBCXX_ASSERTIONS -fexceptions -fstack-protector-strong -grecord-gcc-switches -fasynchronous-unwind-tables -fstack-clash-protection -fcf-protection -fno-omit-frame-pointer   conftest.c >&5
configure:3992: $? = 0
configure:4002: result: inline
configure:4027: checking if the compiler understands -pipe
configure:4046: gcc -c -O2 -g -pipe -Wp,-D_FORTIFY_SOURCE=2 -Wp,-D_GLIBCXX_ASSERTIONS -fexceptions -fstack-protector-strong -grecord-gcc-switches -fasynchronous-unwind-tables -fstack-clash-protection -fcf-protection -fno-omit-frame-pointer  -pipe  conftest.c >&5
configure:4046: $? = 0
configure:4057: result: yes
configure:4089: checking how to build libraries
configure:4101: result: shared
configure:4170: checking for ranlib
configure:4191: found /usr/bin/ranlib
configure:4203: result: ranlib
configure:4229: checking for stdio.h
configure:4229: gcc -c -O2 -g -pipe -Wp,-D_FORTIFY_SOURCE=2 -Wp,-D_GLIBCXX_ASSERTIONS -fexceptions -fstack-protector-strong -grecord-gcc-switches -fasynchronous-unwind-tables -fstack-clash-protection -fcf-protection -fno-omit-frame-pointer  -pipe  conftest.c >&5
configure:4229: $? = 0
configure:4229: result: yes
configure:4229: checking for stdlib.h
configure:4229: gcc -c -O2 -g -pipe -Wp,-D_FORTIFY_SOURCE=2 -Wp,-D_GLIBCXX_ASSERTIONS -fexceptions -fstack-protector-strong -grecord-gcc-switches -fasynchronous-unwind-tables -fstack-clash-protection -fcf-protection -fno-omit-frame-pointer  -pipe  conftest.c >&5
configure:4229: $? = 0
configure:4229: result: yes
configure:4229: checking for string.h
configure:4229: gcc -c -O2 -g -pipe -Wp,-D_FORTIFY_SOURCE=2 -Wp,-D_GLIBCXX_ASSERTIONS -fexceptions -fstack-protector-strong -grecord-gcc-switches -fasynchronous-unwind-tables -fstack-clash-protection -fcf-protection -fno-omit-frame-pointer  -pipe  conftest.c >&5
configure:4229: $? = 0
configure:4229: result: yes
configure:4229: checking for inttypes.h
configure:4229: gcc -c -O2 -g -pipe -Wp,-D_FORTIFY_SOURCE=2 -Wp,-D_GLIBCXX_ASSERTIONS -fexceptions -fstack-protector-strong -grecord-gcc-switches -fasynchronous-unwind-tables -fstack-clash-protection -fcf-protection -fno-omit-frame-pointer  -pipe  conftest.c >&5
configure:4229: $? = 0
configure:4229: result: yes
configure:4229: checking for stdint.h
configure:4229: gcc -c -O2 -g -pipe -Wp,-D_FORTIFY_SOURCE=2 -Wp,-D_GLIBCXX_ASSERTIONS -fexceptions -fstack-protector-strong -grecord-gcc-switches -fasynchronous-unwind-tables -fstack-clash-protection -fcf-protection -fno-omit-frame-pointer  -pipe  conftest.c >&5
configure:4229: $? = 0
configure:4229: result: yes
configure:4229: checking for strings.h
configure:4229: gcc -c -O2 -g -pipe -Wp,-D_FORTIFY_SOURCE=2 -Wp,-D_GLIBCXX_ASSERTIONS -fexceptions -fstack-protector-strong -grecord-gcc-switches -fasynchronous-unwind-tables -fstack-clash-protection -fcf-protection -fno-omit-frame-pointer  -pipe  conftest.c >&5
configure:4229: $? = 0
configure:4229: result: yes
configure:4229: checking for sys/stat.h
configure:4229: gcc -c -O2 -g -pipe -Wp,-D_FORTIFY_SOURCE=2 -Wp,-D_GLIBCXX_ASSERTIONS -fexceptions -fstack-protector-strong -grecord-gcc-switches -fasynchronous-unwind-tables -fstack-clash-protection -fcf-protection -fno-omit-frame-pointer  -pipe  conftest.c >&5
configure:4229: $? = 0
configure:4229: result: yes
configure:4229: checking for sys/types.h
configure:4229: gcc -c -O2 -g -pipe -Wp,-D_FORTIFY_SOURCE=2 -Wp,-D_GLIBCXX_ASSERTIONS -fexceptions -fstack-protector-strong -grecord-gcc-switches -fasynchronous-unwind-tables -fstack-clash-protection -fcf-protection -fno-omit-frame-pointer  -pipe  conftest.c >&5
configure:4229: $? = 0
configure:4229: result: yes
configure:4229: checking for unistd.h
configure:4229: gcc -c -O2 -g -pipe -Wp,-D_FORTIFY_SOURCE=2 -Wp,-D_GLIBCXX_ASSERTIONS -fexceptions -fstack-protector-strong -grecord-gcc-switches -fasynchronous-unwind-tables -fstack-clash-protection -fcf-protection -fno-omit-frame-pointer  -pipe  conftest.c >&5
configure:4229: $? = 0
configure:4229: result: yes
configure:4229: checking for sys/time.h
configure:4229: gcc -c -O2 -g -pipe -Wp,-D_FORTIFY_SOURCE=2 -Wp,-D_GLIBCXX_ASSERTIONS -fexceptions -fstack-protector-strong -grecord-gcc-switches -fasynchronous-unwind-tables -fstack-clash-protection -fcf-protection -fno-omit-frame-pointer  -pipe  conftest.c >&5
configure:4229: $? = 0
configure:4229: result: yes
configure:4258: checking if 64bit support is requested
configure:4269: result: no
configure:4274: checking if 64bit Sparc VIS support is requested
configure:4285: result: no
configure:4296: checking if compiler supports visibility "hidden"
configure:4317: gcc -o conftest -O2 -g -pipe -Wp,-D_FORTIFY_SOURCE=2 -Wp,-D_GLIBCXX_ASSERTIONS -fexceptions -fstack-protector-strong -grecord-gcc-switches -fasynchronous-unwind-tables -fstack-clash-protection -fcf-protection -fno-omit-frame-pointer  -pipe -Werror  -L/app/lib -Wl,-z,relro,-z,now -Wl,--as-needed  conftest.c  >&5
configure:4317: $? = 0
configure:4329: result: yes
configure:4345: checking if rpath support is requested
configure:4356: result: yes
configure:4363: checking system version
configure:4390: result: Linux-6.1.90-1-generic
configure:4398: checking for dlopen in -ldl
configure:4427: gcc -o conftest -O2 -g -pipe -Wp,-D_FORTIFY_SOURCE=2 -Wp,-D_GLIBCXX_ASSERTIONS -fexceptions -fstack-protector-strong -grecord-gcc-switches -fasynchronous-unwind-tables -fstack-clash-protection -fcf-protection -fno-omit-frame-pointer  -pipe  -L/app/lib -Wl,-z,relro,-z,now -Wl,--as-needed  conftest.c -ldl   >&5
configure:4427: $? = 0
configure:4439: result: yes
configure:4539: checking for ar
configure:4560: found /usr/bin/ar
configure:4572: result: ar
configure:6260: checking for cast to union support
configure:6280: gcc -c -O2 -g -pipe -Wp,-D_FORTIFY_SOURCE=2 -Wp,-D_GLIBCXX_ASSERTIONS -fexceptions -fstack-protector-strong -grecord-gcc-switches -fasynchronous-unwind-tables -fstack-clash-protection -fcf-protection -fno-omit-frame-pointer  -pipe  conftest.c >&5
configure:6280: $? = 0
configure:6291: result: yes
configure:6299: checking for working -fno-lto
configure:6316: gcc -c -O2 -g -pipe -Wp,-D_FORTIFY_SOURCE=2 -Wp,-D_GLIBCXX_ASSERTIONS -fexceptions -fstack-protector-strong -grecord-gcc-switches -fasynchronous-unwind-tables -fstack-clash-protection -fcf-protection -fno-omit-frame-pointer  -pipe -fno-lto  conftest.c >&5
configure:6316: $? = 0
configure:6327: result: yes
configure:6335: checking if the compiler understands -finput-charset
configure:6354: gcc -c -O2 -g -pipe -Wp,-D_FORTIFY_SOURCE=2 -Wp,-D_GLIBCXX_ASSERTIONS -fexceptions -fstack-protector-strong -grecord-gcc-switches -fasynchronous-unwind-tables -fstack-clash-protection -fcf-protection -fno-omit-frame-pointer  -pipe -finput-charset=UTF-8  conftest.c >&5
configure:6354: $? = 0
configure:6365: result: yes
configure:6371: checking for stdbool.h
configure:6371: gcc -c -O2 -g -pipe -Wp,-D_FORTIFY_SOURCE=2 -Wp,-D_GLIBCXX_ASSERTIONS -fexceptions -fstack-protector-strong -grecord-gcc-switches -fasynchronous-unwind-tables -fstack-clash-protection -fcf-protection -fno-omit-frame-pointer  -pipe -finput-charset=UTF-8  conftest.c >&5
configure:6371: $? = 0
configure:6371: result: yes
configure:6381: checking for vfork
configure:6381: gcc -o conftest -O2 -g -pipe -Wp,-D_FORTIFY_SOURCE=2 -Wp,-D_GLIBCXX_ASSERTIONS -fexceptions -fstack-protector-strong -grecord-gcc-switches -fasynchronous-unwind-tables -fstack-clash-protection -fcf-protection -fno-omit-frame-pointer  -pipe -finput-charset=UTF-8  -L/app/lib -Wl,-z,relro,-z,now -Wl,--as-needed  -Wl,--export-dynamic  conftest.c  >&5
configure:6381: $? = 0
configure:6381: result: yes
configure:6387: checking for posix_spawnp
configure:6387: gcc -o conftest -O2 -g -pipe -Wp,-D_FORTIFY_SOURCE=2 -Wp,-D_GLIBCXX_ASSERTIONS -fexceptions -fstack-protector-strong -grecord-gcc-switches -fasynchronous-unwind-tables -fstack-clash-protection -fcf-protection -fno-omit-frame-pointer  -pipe -finput-charset=UTF-8  -L/app/lib -Wl,-z,relro,-z,now -Wl,--as-needed  -Wl,--export-dynamic  conftest.c  >&5
configure:6387: $? = 0
configure:6387: result: yes
configure:6393: checking for posix_spawn_file_actions_adddup2
configure:6393: gcc -o conftest -O2 -g -pipe -Wp,-D_FORTIFY_SOURCE=2 -Wp,-D_GLIBCXX_ASSERTIONS -fexceptions -fstack-protector-strong -grecord-gcc-switches -fasynchronous-unwind-tables -fstack-clash-protection -fcf-protection -fno-omit-frame-pointer  -pipe -finput-charset=UTF-8  -L/app/lib -Wl,-z,relro,-z,now -Wl,--as-needed  -Wl,--export-dynamic  conftest.c  >&5
configure:6393: $? = 0
configure:6393: result: yes
configure:6399: checking for posix_spawnattr_setflags
configure:6399: gcc -o conftest -O2 -g -pipe -Wp,-D_FORTIFY_SOURCE=2 -Wp,-D_GLIBCXX_ASSERTIONS -fexceptions -fstack-protector-strong -grecord-gcc-switches -fasynchronous-unwind-tables -fstack-clash-protection -fcf-protection -fno-omit-frame-pointer  -pipe -finput-charset=UTF-8  -L/app/lib -Wl,-z,relro,-z,now -Wl,--as-needed  -Wl,--export-dynamic  conftest.c  >&5
configure:6399: $? = 0
configure:6399: result: yes
configure:6448: checking for build with symbols
configure:6466: result: no
configure:6506: checking for required early compiler flags
configure:6525: gcc -c -O2 -g -pipe -Wp,-D_FORTIFY_SOURCE=2 -Wp,-D_GLIBCXX_ASSERTIONS -fexceptions -fstack-protector-strong -grecord-gcc-switches -fasynchronous-unwind-tables -fstack-clash-protection -fcf-protection -fno-omit-frame-pointer  -pipe -finput-charset=UTF-8  conftest.c >&5
configure:6525: $? = 0
configure:6578: gcc -c -O2 -g -pipe -Wp,-D_FORTIFY_SOURCE=2 -Wp,-D_GLIBCXX_ASSERTIONS -fexceptions -fstack-protector-strong -grecord-gcc-switches -fasynchronous-unwind-tables -fstack-clash-protection -fcf-protection -fno-omit-frame-pointer  -pipe -finput-charset=UTF-8  conftest.c >&5
configure:6578: $? = 0
configure:6631: gcc -c -O2 -g -pipe -Wp,-D_FORTIFY_SOURCE=2 -Wp,-D_GLIBCXX_ASSERTIONS -fexceptions -fstack-protector-strong -grecord-gcc-switches -fasynchronous-unwind-tables -fstack-clash-protection -fcf-protection -fno-omit-frame-pointer  -pipe -finput-charset=UTF-8  conftest.c >&5
conftest.c: In function 'main':
conftest.c:36:15: error: storage size of 'buf' isn't known
   36 | struct stat64 buf; int i = stat64("/", &buf);
      |               ^~~
conftest.c:36:28: warning: implicit declaration of function 'stat64'; did you mean 'stat'? [-Wimplicit-function-declaration]
   36 | struct stat64 buf; int i = stat64("/", &buf);
      |                            ^~~~~~
      |                            stat
configure:6631: $? = 1
configure: failed program was:
| /* confdefs.h */
| #define PACKAGE_NAME "tk"
| #define PACKAGE_TARNAME "tk"
| #define PACKAGE_VERSION "9.0"
| #define PACKAGE_STRING "tk 9.0"
| #define PACKAGE_BUGREPORT ""
| #define PACKAGE_URL ""
| #define TCL_CFGVAL_ENCODING "utf-8"
| #define HAVE_STDIO_H 1
| #define HAVE_STDLIB_H 1
| #define HAVE_STRING_H 1
| #define HAVE_INTTYPES_H 1
| #define HAVE_STDINT_H 1
| #define HAVE_STRINGS_H 1
| #define HAVE_SYS_STAT_H 1
| #define HAVE_SYS_TYPES_H 1
| #define HAVE_UNISTD_H 1
| #define HAVE_SYS_TIME_H 1
| #define STDC_HEADERS 1
| #define MODULE_SCOPE extern __attribute__((__visibility__("hidden")))
| #define HAVE_HIDDEN 1
| #define HAVE_CAST_TO_UNION 1
| #define HAVE_STDBOOL_H 1
| #define HAVE_VFORK 1
| #define HAVE_POSIX_SPAWNP 1
| #define HAVE_POSIX_SPAWN_FILE_ACTIONS_ADDDUP2 1
| #define HAVE_POSIX_SPAWNATTR_SETFLAGS 1
| #define TCL_SHLIB_EXT ".so"
| #define NDEBUG 1
| #define TCL_CFG_OPTIMIZED 1
| /* end confdefs.h.  */
| #include <sys/stat.h>
| int
| main (void)
| {
| struct stat64 buf; int i = stat64("/", &buf);
|   ;
|   return 0;
| }
configure:6647: gcc -c -O2 -g -pipe -Wp,-D_FORTIFY_SOURCE=2 -Wp,-D_GLIBCXX_ASSERTIONS -fexceptions -fstack-protector-strong -grecord-gcc-switches -fasynchronous-unwind-tables -fstack-clash-protection -fcf-protection -fno-omit-frame-pointer  -pipe -finput-charset=UTF-8  conftest.c >&5
configure:6647: $? = 0
configure:6672: result:  _LARGEFILE64_SOURCE
configure:6678: checking if 'long' and 'long long' have the same size (64-bit)?
configure:6702: gcc -c -O2 -g -pipe -Wp,-D_FORTIFY_SOURCE=2 -Wp,-D_GLIBCXX_ASSERTIONS -fexceptions -fstack-protector-strong -grecord-gcc-switches -fasynchronous-unwind-tables -fstack-clash-protection -fcf-protection -fno-omit-frame-pointer  -pipe -finput-charset=UTF-8  conftest.c >&5
conftest.c: In function 'main':
conftest.c:38:21: error: duplicate case value
   38 |             case 1: case (sizeof(long long)==sizeof(long)): ;
      |                     ^~~~
conftest.c:38:13: note: previously used here
   38 |             case 1: case (sizeof(long long)==sizeof(long)): ;
      |             ^~~~
configure:6702: $? = 1
configure: failed program was:
| /* confdefs.h */
| #define PACKAGE_NAME "tk"
| #define PACKAGE_TARNAME "tk"
| #define PACKAGE_VERSION "9.0"
| #define PACKAGE_STRING "tk 9.0"
| #define PACKAGE_BUGREPORT ""
| #define PACKAGE_URL ""
| #define TCL_CFGVAL_ENCODING "utf-8"
| #define HAVE_STDIO_H 1
| #define HAVE_STDLIB_H 1
| #define HAVE_STRING_H 1
| #define HAVE_INTTYPES_H 1
| #define HAVE_STDINT_H 1
| #define HAVE_STRINGS_H 1
| #define HAVE_SYS_STAT_H 1
| #define HAVE_SYS_TYPES_H 1
| #define HAVE_UNISTD_H 1
| #define HAVE_SYS_TIME_H 1
| #define STDC_HEADERS 1
| #define MODULE_SCOPE extern __attribute__((__visibility__("hidden")))
| #define HAVE_HIDDEN 1
| #define HAVE_CAST_TO_UNION 1
| #define HAVE_STDBOOL_H 1
| #define HAVE_VFORK 1
| #define HAVE_POSIX_SPAWNP 1
| #define HAVE_POSIX_SPAWN_FILE_ACTIONS_ADDDUP2 1
| #define HAVE_POSIX_SPAWNATTR_SETFLAGS 1
| #define TCL_SHLIB_EXT ".so"
| #define NDEBUG 1
| #define TCL_CFG_OPTIMIZED 1
| #define _LARGEFILE64_SOURCE 1
| /* end confdefs.h.  */
| 
| int
| main (void)
| {
| switch (0) {
| 	    case 1: case (sizeof(long long)==sizeof(long)): ;
| 	}
|   ;
|   return 0;
| }
configure:6714: result: yes
configure:6928: checking whether byte ordering is bigendian
configure:6944: gcc -c -O2 -g -pipe -Wp,-D_FORTIFY_SOURCE=2 -Wp,-D_GLIBCXX_ASSERTIONS -fexceptions -fstack-protector-strong -grecord-gcc-switches -fasynchronous-unwind-tables -fstack-clash-protection -fcf-protection -fno-omit-frame-pointer  -pipe -finput-charset=UTF-8  conftest.c >&5
conftest.c:35:16: error: unknown type name 'not'
   35 |                not a universal capable compiler
      |                ^~~
conftest.c:35:22: error: expected '=', ',', ';', 'asm' or '__attribute__' before 'universal'
   35 |                not a universal capable compiler
      |                      ^~~~~~~~~
conftest.c:35:22: error: unknown type name 'universal'
configure:6944: $? = 1
configure: failed program was:
| /* confdefs.h */
| #define PACKAGE_NAME "tk"
| #define PACKAGE_TARNAME "tk"
| #define PACKAGE_VERSION "9.0"
| #define PACKAGE_STRING "tk 9.0"
| #define PACKAGE_BUGREPORT ""
| #define PACKAGE_URL ""
| #define TCL_CFGVAL_ENCODING "utf-8"
| #define HAVE_STDIO_H 1
| #define HAVE_STDLIB_H 1
| #define HAVE_STRING_H 1
| #define HAVE_INTTYPES_H 1
| #define HAVE_STDINT_H 1
| #define HAVE_STRINGS_H 1
| #define HAVE_SYS_STAT_H 1
| #define HAVE_SYS_TYPES_H 1
| #define HAVE_UNISTD_H 1
| #define HAVE_SYS_TIME_H 1
| #define STDC_HEADERS 1
| #define MODULE_SCOPE extern __attribute__((__visibility__("hidden")))
| #define HAVE_HIDDEN 1
| #define HAVE_CAST_TO_UNION 1
| #define HAVE_STDBOOL_H 1
| #define HAVE_VFORK 1
| #define HAVE_POSIX_SPAWNP 1
| #define HAVE_POSIX_SPAWN_FILE_ACTIONS_ADDDUP2 1
| #define HAVE_POSIX_SPAWNATTR_SETFLAGS 1
| #define TCL_SHLIB_EXT ".so"
| #define NDEBUG 1
| #define TCL_CFG_OPTIMIZED 1
| #define _LARGEFILE64_SOURCE 1
| #define TCL_WIDE_INT_IS_LONG 1
| /* end confdefs.h.  */
| #ifndef __APPLE_CC__
| 	       not a universal capable compiler
| 	     #endif
| 	     typedef int dummy;
| 
configure:6990: gcc -c -O2 -g -pipe -Wp,-D_FORTIFY_SOURCE=2 -Wp,-D_GLIBCXX_ASSERTIONS -fexceptions -fstack-protector-strong -grecord-gcc-switches -fasynchronous-unwind-tables -fstack-clash-protection -fcf-protection -fno-omit-frame-pointer  -pipe -finput-charset=UTF-8  conftest.c >&5
configure:6990: $? = 0
configure:7009: gcc -c -O2 -g -pipe -Wp,-D_FORTIFY_SOURCE=2 -Wp,-D_GLIBCXX_ASSERTIONS -fexceptions -fstack-protector-strong -grecord-gcc-switches -fasynchronous-unwind-tables -fstack-clash-protection -fcf-protection -fno-omit-frame-pointer  -pipe -finput-charset=UTF-8  conftest.c >&5
conftest.c: In function 'main':
conftest.c:41:18: error: unknown type name 'not'; did you mean 'ino_t'?
   41 |                  not big endian
      |                  ^~~
      |                  ino_t
conftest.c:41:26: error: expected '=', ',', ';', 'asm' or '__attribute__' before 'endian'
   41 |                  not big endian
      |                          ^~~~~~
configure:7009: $? = 1
configure: failed program was:
| /* confdefs.h */
| #define PACKAGE_NAME "tk"
| #define PACKAGE_TARNAME "tk"
| #define PACKAGE_VERSION "9.0"
| #define PACKAGE_STRING "tk 9.0"
| #define PACKAGE_BUGREPORT ""
| #define PACKAGE_URL ""
| #define TCL_CFGVAL_ENCODING "utf-8"
| #define HAVE_STDIO_H 1
| #define HAVE_STDLIB_H 1
| #define HAVE_STRING_H 1
| #define HAVE_INTTYPES_H 1
| #define HAVE_STDINT_H 1
| #define HAVE_STRINGS_H 1
| #define HAVE_SYS_STAT_H 1
| #define HAVE_SYS_TYPES_H 1
| #define HAVE_UNISTD_H 1
| #define HAVE_SYS_TIME_H 1
| #define STDC_HEADERS 1
| #define MODULE_SCOPE extern __attribute__((__visibility__("hidden")))
| #define HAVE_HIDDEN 1
| #define HAVE_CAST_TO_UNION 1
| #define HAVE_STDBOOL_H 1
| #define HAVE_VFORK 1
| #define HAVE_POSIX_SPAWNP 1
| #define HAVE_POSIX_SPAWN_FILE_ACTIONS_ADDDUP2 1
| #define HAVE_POSIX_SPAWNATTR_SETFLAGS 1
| #define TCL_SHLIB_EXT ".so"
| #define NDEBUG 1
| #define TCL_CFG_OPTIMIZED 1
| #define _LARGEFILE64_SOURCE 1
| #define TCL_WIDE_INT_IS_LONG 1
| /* end confdefs.h.  */
| #include <sys/types.h>
| 		#include <sys/param.h>
| 
| int
| main (void)
| {
| #if BYTE_ORDER != BIG_ENDIAN
| 		 not big endian
| 		#endif
| 
|   ;
|   return 0;
| }
configure:7150: result: no
configure:7197: checking for fd_set in sys/types
configure:7215: gcc -c -O2 -g -pipe -Wp,-D_FORTIFY_SOURCE=2 -Wp,-D_GLIBCXX_ASSERTIONS -fexceptions -fstack-protector-strong -grecord-gcc-switches -fasynchronous-unwind-tables -fstack-clash-protection -fcf-protection -fno-omit-frame-pointer  -pipe -finput-charset=UTF-8  conftest.c >&5
configure:7215: $? = 0
configure:7225: result: yes
configure:7553: checking for mode_t
configure:7553: gcc -c -O2 -g -pipe -Wp,-D_FORTIFY_SOURCE=2 -Wp,-D_GLIBCXX_ASSERTIONS -fexceptions -fstack-protector-strong -grecord-gcc-switches -fasynchronous-unwind-tables -fstack-clash-protection -fcf-protection -fno-omit-frame-pointer  -pipe -finput-charset=UTF-8  conftest.c >&5
configure:7553: $? = 0
configure:7553: gcc -c -O2 -g -pipe -Wp,-D_FORTIFY_SOURCE=2 -Wp,-D_GLIBCXX_ASSERTIONS -fexceptions -fstack-protector-strong -grecord-gcc-switches -fasynchronous-unwind-tables -fstack-clash-protection -fcf-protection -fno-omit-frame-pointer  -pipe -finput-charset=UTF-8  conftest.c >&5
conftest.c: In function 'main':
conftest.c:65:21: error: expected expression before ')' token
   65 | if (sizeof ((mode_t)))
      |                     ^
configure:7553: $? = 1
configure: failed program was:
| /* confdefs.h */
| #define PACKAGE_NAME "tk"
| #define PACKAGE_TARNAME "tk"
| #define PACKAGE_VERSION "9.0"
| #define PACKAGE_STRING "tk 9.0"
| #define PACKAGE_BUGREPORT ""
| #define PACKAGE_URL ""
| #define TCL_CFGVAL_ENCODING "utf-8"
| #define HAVE_STDIO_H 1
| #define HAVE_STDLIB_H 1
| #define HAVE_STRING_H 1
| #define HAVE_INTTYPES_H 1
| #define HAVE_STDINT_H 1
| #define HAVE_STRINGS_H 1
| #define HAVE_SYS_STAT_H 1
| #define HAVE_SYS_TYPES_H 1
| #define HAVE_UNISTD_H 1
| #define HAVE_SYS_TIME_H 1
| #define STDC_HEADERS 1
| #define MODULE_SCOPE extern __attribute__((__visibility__("hidden")))
| #define HAVE_HIDDEN 1
| #define HAVE_CAST_TO_UNION 1
| #define HAVE_STDBOOL_H 1
| #define HAVE_VFORK 1
| #define HAVE_POSIX_SPAWNP 1
| #define HAVE_POSIX_SPAWN_FILE_ACTIONS_ADDDUP2 1
| #define HAVE_POSIX_SPAWNATTR_SETFLAGS 1
| #define TCL_SHLIB_EXT ".so"
| #define NDEBUG 1
| #define TCL_CFG_OPTIMIZED 1
| #define _LARGEFILE64_SOURCE 1
| #define TCL_WIDE_INT_IS_LONG 1
| /* end confdefs.h.  */
| #include <stddef.h>
| #ifdef HAVE_STDIO_H
| # include <stdio.h>
| #endif
| #ifdef HAVE_STDLIB_H
| # include <stdlib.h>
| #endif
| #ifdef HAVE_STRING_H
| # include <string.h>
| #endif
| #ifdef HAVE_INTTYPES_H
| # include <inttypes.h>
| #endif
| #ifdef HAVE_STDINT_H
| # include <stdint.h>
| #endif
| #ifdef HAVE_STRINGS_H
| # include <strings.h>
| #endif
| #ifdef HAVE_SYS_TYPES_H
| # include <sys/types.h>
| #endif
| #ifdef HAVE_SYS_STAT_H
| # include <sys/stat.h>
| #endif
| #ifdef HAVE_UNISTD_H
| # include <unistd.h>
| #endif
| int
| main (void)
| {
| if (sizeof ((mode_t)))
| 	    return 0;
|   ;
|   return 0;
| }
configure:7553: result: yes
configure:7565: checking for pid_t
configure:7565: gcc -c -O2 -g -pipe -Wp,-D_FORTIFY_SOURCE=2 -Wp,-D_GLIBCXX_ASSERTIONS -fexceptions -fstack-protector-strong -grecord-gcc-switches -fasynchronous-unwind-tables -fstack-clash-protection -fcf-protection -fno-omit-frame-pointer  -pipe -finput-charset=UTF-8  conftest.c >&5
configure:7565: $? = 0
configure:7565: gcc -c -O2 -g -pipe -Wp,-D_FORTIFY_SOURCE=2 -Wp,-D_GLIBCXX_ASSERTIONS -fexceptions -fstack-protector-strong -grecord-gcc-switches -fasynchronous-unwind-tables -fstack-clash-protection -fcf-protection -fno-omit-frame-pointer  -pipe -finput-charset=UTF-8  conftest.c >&5
conftest.c: In function 'main':
conftest.c:66:20: error: expected expression before ')' token
   66 | if (sizeof ((pid_t)))
      |                    ^
configure:7565: $? = 1
configure: failed program was:
| /* confdefs.h */
| #define PACKAGE_NAME "tk"
| #define PACKAGE_TARNAME "tk"
| #define PACKAGE_VERSION "9.0"
| #define PACKAGE_STRING "tk 9.0"
| #define PACKAGE_BUGREPORT ""
| #define PACKAGE_URL ""
| #define TCL_CFGVAL_ENCODING "utf-8"
| #define HAVE_STDIO_H 1
| #define HAVE_STDLIB_H 1
| #define HAVE_STRING_H 1
| #define HAVE_INTTYPES_H 1
| #define HAVE_STDINT_H 1
| #define HAVE_STRINGS_H 1
| #define HAVE_SYS_STAT_H 1
| #define HAVE_SYS_TYPES_H 1
| #define HAVE_UNISTD_H 1
| #define HAVE_SYS_TIME_H 1
| #define STDC_HEADERS 1
| #define MODULE_SCOPE extern __attribute__((__visibility__("hidden")))
| #define HAVE_HIDDEN 1
| #define HAVE_CAST_TO_UNION 1
| #define HAVE_STDBOOL_H 1
| #define HAVE_VFORK 1
| #define HAVE_POSIX_SPAWNP 1
| #define HAVE_POSIX_SPAWN_FILE_ACTIONS_ADDDUP2 1
| #define HAVE_POSIX_SPAWNATTR_SETFLAGS 1
| #define TCL_SHLIB_EXT ".so"
| #define NDEBUG 1
| #define TCL_CFG_OPTIMIZED 1
| #define _LARGEFILE64_SOURCE 1
| #define TCL_WIDE_INT_IS_LONG 1
| /* end confdefs.h.  */
| #include <stddef.h>
| #ifdef HAVE_STDIO_H
| # include <stdio.h>
| #endif
| #ifdef HAVE_STDLIB_H
| # include <stdlib.h>
| #endif
| #ifdef HAVE_STRING_H
| # include <string.h>
| #endif
| #ifdef HAVE_INTTYPES_H
| # include <inttypes.h>
| #endif
| #ifdef HAVE_STDINT_H
| # include <stdint.h>
| #endif
| #ifdef HAVE_STRINGS_H
| # include <strings.h>
| #endif
| #ifdef HAVE_SYS_TYPES_H
| # include <sys/types.h>
| #endif
| #ifdef HAVE_SYS_STAT_H
| # include <sys/stat.h>
| #endif
| #ifdef HAVE_UNISTD_H
| # include <unistd.h>
| #endif
| 
| int
| main (void)
| {
| if (sizeof ((pid_t)))
| 	    return 0;
|   ;
|   return 0;
| }
configure:7565: result: yes
configure:7603: checking for size_t
configure:7603: gcc -c -O2 -g -pipe -Wp,-D_FORTIFY_SOURCE=2 -Wp,-D_GLIBCXX_ASSERTIONS -fexceptions -fstack-protector-strong -grecord-gcc-switches -fasynchronous-unwind-tables -fstack-clash-protection -fcf-protection -fno-omit-frame-pointer  -pipe -finput-charset=UTF-8  conftest.c >&5
configure:7603: $? = 0
configure:7603: gcc -c -O2 -g -pipe -Wp,-D_FORTIFY_SOURCE=2 -Wp,-D_GLIBCXX_ASSERTIONS -fexceptions -fstack-protector-strong -grecord-gcc-switches -fasynchronous-unwind-tables -fstack-clash-protection -fcf-protection -fno-omit-frame-pointer  -pipe -finput-charset=UTF-8  conftest.c >&5
conftest.c: In function 'main':
conftest.c:65:21: error: expected expression before ')' token
   65 | if (sizeof ((size_t)))
      |                     ^
configure:7603: $? = 1
configure: failed program was:
| /* confdefs.h */
| #define PACKAGE_NAME "tk"
| #define PACKAGE_TARNAME "tk"
| #define PACKAGE_VERSION "9.0"
| #define PACKAGE_STRING "tk 9.0"
| #define PACKAGE_BUGREPORT ""
| #define PACKAGE_URL ""
| #define TCL_CFGVAL_ENCODING "utf-8"
| #define HAVE_STDIO_H 1
| #define HAVE_STDLIB_H 1
| #define HAVE_STRING_H 1
| #define HAVE_INTTYPES_H 1
| #define HAVE_STDINT_H 1
| #define HAVE_STRINGS_H 1
| #define HAVE_SYS_STAT_H 1
| #define HAVE_SYS_TYPES_H 1
| #define HAVE_UNISTD_H 1
| #define HAVE_SYS_TIME_H 1
| #define STDC_HEADERS 1
| #define MODULE_SCOPE extern __attribute__((__visibility__("hidden")))
| #define HAVE_HIDDEN 1
| #define HAVE_CAST_TO_UNION 1
| #define HAVE_STDBOOL_H 1
| #define HAVE_VFORK 1
| #define HAVE_POSIX_SPAWNP 1
| #define HAVE_POSIX_SPAWN_FILE_ACTIONS_ADDDUP2 1
| #define HAVE_POSIX_SPAWNATTR_SETFLAGS 1
| #define TCL_SHLIB_EXT ".so"
| #define NDEBUG 1
| #define TCL_CFG_OPTIMIZED 1
| #define _LARGEFILE64_SOURCE 1
| #define TCL_WIDE_INT_IS_LONG 1
| /* end confdefs.h.  */
| #include <stddef.h>
| #ifdef HAVE_STDIO_H
| # include <stdio.h>
| #endif
| #ifdef HAVE_STDLIB_H
| # include <stdlib.h>
| #endif
| #ifdef HAVE_STRING_H
| # include <string.h>
| #endif
| #ifdef HAVE_INTTYPES_H
| # include <inttypes.h>
| #endif
| #ifdef HAVE_STDINT_H
| # include <stdint.h>
| #endif
| #ifdef HAVE_STRINGS_H
| # include <strings.h>
| #endif
| #ifdef HAVE_SYS_TYPES_H
| # include <sys/types.h>
| #endif
| #ifdef HAVE_SYS_STAT_H
| # include <sys/stat.h>
| #endif
| #ifdef HAVE_UNISTD_H
| # include <unistd.h>
| #endif
| int
| main (void)
| {
| if (sizeof ((size_t)))
| 	    return 0;
|   ;
|   return 0;
| }
configure:7603: result: yes
configure:7615: checking for intptr_t
configure:7615: gcc -c -O2 -g -pipe -Wp,-D_FORTIFY_SOURCE=2 -Wp,-D_GLIBCXX_ASSERTIONS -fexceptions -fstack-protector-strong -grecord-gcc-switches -fasynchronous-unwind-tables -fstack-clash-protection -fcf-protection -fno-omit-frame-pointer  -pipe -finput-charset=UTF-8  conftest.c >&5
configure:7615: $? = 0
configure:7615: gcc -c -O2 -g -pipe -Wp,-D_FORTIFY_SOURCE=2 -Wp,-D_GLIBCXX_ASSERTIONS -fexceptions -fstack-protector-strong -grecord-gcc-switches -fasynchronous-unwind-tables -fstack-clash-protection -fcf-protection -fno-omit-frame-pointer  -pipe -finput-charset=UTF-8  conftest.c >&5
conftest.c: In function 'main':
conftest.c:41:23: error: expected expression before ')' token
   41 | if (sizeof ((intptr_t)))
      |                       ^
configure:7615: $? = 1
configure: failed program was:
| /* confdefs.h */
| #define PACKAGE_NAME "tk"
| #define PACKAGE_TARNAME "tk"
| #define PACKAGE_VERSION "9.0"
| #define PACKAGE_STRING "tk 9.0"
| #define PACKAGE_BUGREPORT ""
| #define PACKAGE_URL ""
| #define TCL_CFGVAL_ENCODING "utf-8"
| #define HAVE_STDIO_H 1
| #define HAVE_STDLIB_H 1
| #define HAVE_STRING_H 1
| #define HAVE_INTTYPES_H 1
| #define HAVE_STDINT_H 1
| #define HAVE_STRINGS_H 1
| #define HAVE_SYS_STAT_H 1
| #define HAVE_SYS_TYPES_H 1
| #define HAVE_UNISTD_H 1
| #define HAVE_SYS_TIME_H 1
| #define STDC_HEADERS 1
| #define MODULE_SCOPE extern __attribute__((__visibility__("hidden")))
| #define HAVE_HIDDEN 1
| #define HAVE_CAST_TO_UNION 1
| #define HAVE_STDBOOL_H 1
| #define HAVE_VFORK 1
| #define HAVE_POSIX_SPAWNP 1
| #define HAVE_POSIX_SPAWN_FILE_ACTIONS_ADDDUP2 1
| #define HAVE_POSIX_SPAWNATTR_SETFLAGS 1
| #define TCL_SHLIB_EXT ".so"
| #define NDEBUG 1
| #define TCL_CFG_OPTIMIZED 1
| #define _LARGEFILE64_SOURCE 1
| #define TCL_WIDE_INT_IS_LONG 1
| /* end confdefs.h.  */
| 
| #include <stdint.h>
| 
| 
| int
| main (void)
| {
| if (sizeof ((intptr_t)))
| 	    return 0;
|   ;
|   return 0;
| }
configure:7615: result: yes
configure:7626: checking for uintptr_t
configure:7626: gcc -c -O2 -g -pipe -Wp,-D_FORTIFY_SOURCE=2 -Wp,-D_GLIBCXX_ASSERTIONS -fexceptions -fstack-protector-strong -grecord-gcc-switches -fasynchronous-unwind-tables -fstack-clash-protection -fcf-protection -fno-omit-frame-pointer  -pipe -finput-charset=UTF-8  conftest.c >&5
configure:7626: $? = 0
configure:7626: gcc -c -O2 -g -pipe -Wp,-D_FORTIFY_SOURCE=2 -Wp,-D_GLIBCXX_ASSERTIONS -fexceptions -fstack-protector-strong -grecord-gcc-switches -fasynchronous-unwind-tables -fstack-clash-protection -fcf-protection -fno-omit-frame-pointer  -pipe -finput-charset=UTF-8  conftest.c >&5
conftest.c: In function 'main':
conftest.c:42:24: error: expected expression before ')' token
   42 | if (sizeof ((uintptr_t)))
      |                        ^
configure:7626: $? = 1
configure: failed program was:
| /* confdefs.h */
| #define PACKAGE_NAME "tk"
| #define PACKAGE_TARNAME "tk"
| #define PACKAGE_VERSION "9.0"
| #define PACKAGE_STRING "tk 9.0"
| #define PACKAGE_BUGREPORT ""
| #define PACKAGE_URL ""
| #define TCL_CFGVAL_ENCODING "utf-8"
| #define HAVE_STDIO_H 1
| #define HAVE_STDLIB_H 1
| #define HAVE_STRING_H 1
| #define HAVE_INTTYPES_H 1
| #define HAVE_STDINT_H 1
| #define HAVE_STRINGS_H 1
| #define HAVE_SYS_STAT_H 1
| #define HAVE_SYS_TYPES_H 1
| #define HAVE_UNISTD_H 1
| #define HAVE_SYS_TIME_H 1
| #define STDC_HEADERS 1
| #define MODULE_SCOPE extern __attribute__((__visibility__("hidden")))
| #define HAVE_HIDDEN 1
| #define HAVE_CAST_TO_UNION 1
| #define HAVE_STDBOOL_H 1
| #define HAVE_VFORK 1
| #define HAVE_POSIX_SPAWNP 1
| #define HAVE_POSIX_SPAWN_FILE_ACTIONS_ADDDUP2 1
| #define HAVE_POSIX_SPAWNATTR_SETFLAGS 1
| #define TCL_SHLIB_EXT ".so"
| #define NDEBUG 1
| #define TCL_CFG_OPTIMIZED 1
| #define _LARGEFILE64_SOURCE 1
| #define TCL_WIDE_INT_IS_LONG 1
| #define HAVE_INTPTR_T 1
| /* end confdefs.h.  */
| 
| #include <stdint.h>
| 
| 
| int
| main (void)
| {
| if (sizeof ((uintptr_t)))
| 	    return 0;
|   ;
|   return 0;
| }
configure:7626: result: yes
configure:7643: checking pw_gecos in struct pwd
configure:7661: gcc -c -O2 -g -pipe -Wp,-D_FORTIFY_SOURCE=2 -Wp,-D_GLIBCXX_ASSERTIONS -fexceptions -fstack-protector-strong -grecord-gcc-switches -fasynchronous-unwind-tables -fstack-clash-protection -fcf-protection -fno-omit-frame-pointer  -pipe -finput-charset=UTF-8  conftest.c >&5
configure:7661: $? = 0
configure:7671: result: yes
configure:7792: checking for X
configure:7830: gcc -o conftest -O2 -g -pipe -Wp,-D_FORTIFY_SOURCE=2 -Wp,-D_GLIBCXX_ASSERTIONS -fexceptions -fstack-protector-strong -grecord-gcc-switches -fasynchronous-unwind-tables -fstack-clash-protection -fcf-protection -fno-omit-frame-pointer  -pipe -finput-charset=UTF-8  -L/app/lib -Wl,-z,relro,-z,now -Wl,--as-needed  -Wl,--export-dynamic  conftest.c -lX11  >&5
configure:7830: $? = 0
configure:8020: result: libraries , headers 
configure:8031:   conftest.c
./configure: line 1820: conftest.c: command not found
configure:8031: $? = 127
configure: failed program was:
| /* confdefs.h */
| #define PACKAGE_NAME "tk"
| #define PACKAGE_TARNAME "tk"
| #define PACKAGE_VERSION "9.0"
| #define PACKAGE_STRING "tk 9.0"
| #define PACKAGE_BUGREPORT ""
| #define PACKAGE_URL ""
| #define TCL_CFGVAL_ENCODING "utf-8"
| #define HAVE_STDIO_H 1
| #define HAVE_STDLIB_H 1
| #define HAVE_STRING_H 1
| #define HAVE_INTTYPES_H 1
| #define HAVE_STDINT_H 1
| #define HAVE_STRINGS_H 1
| #define HAVE_SYS_STAT_H 1
| #define HAVE_SYS_TYPES_H 1
| #define HAVE_UNISTD_H 1
| #define HAVE_SYS_TIME_H 1
| #define STDC_HEADERS 1
| #define MODULE_SCOPE extern __attribute__((__visibility__("hidden")))
| #define HAVE_HIDDEN 1
| #define HAVE_CAST_TO_UNION 1
| #define HAVE_STDBOOL_H 1
| #define HAVE_VFORK 1
| #define HAVE_POSIX_SPAWNP 1
| #define HAVE_POSIX_SPAWN_FILE_ACTIONS_ADDDUP2 1
| #define HAVE_POSIX_SPAWNATTR_SETFLAGS 1
| #define TCL_SHLIB_EXT ".so"
| #define NDEBUG 1
| #define TCL_CFG_OPTIMIZED 1
| #define _LARGEFILE64_SOURCE 1
| #define TCL_WIDE_INT_IS_LONG 1
| #define HAVE_INTPTR_T 1
| #define HAVE_UINTPTR_T 1
| #define HAVE_PW_GECOS 1
| /* end confdefs.h.  */
| #include <X11/Xlib.h>
configure:8046: checking for X11 header files
configure:8053:   conftest.c
./configure: line 1820: conftest.c: command not found
configure:8053: $? = 127
configure: failed program was:
| /* confdefs.h */
| #define PACKAGE_NAME "tk"
| #define PACKAGE_TARNAME "tk"
| #define PACKAGE_VERSION "9.0"
| #define PACKAGE_STRING "tk 9.0"
| #define PACKAGE_BUGREPORT ""
| #define PACKAGE_URL ""
| #define TCL_CFGVAL_ENCODING "utf-8"
| #define HAVE_STDIO_H 1
| #define HAVE_STDLIB_H 1
| #define HAVE_STRING_H 1
| #define HAVE_INTTYPES_H 1
| #define HAVE_STDINT_H 1
| #define HAVE_STRINGS_H 1
| #define HAVE_SYS_STAT_H 1
| #define HAVE_SYS_TYPES_H 1
| #define HAVE_UNISTD_H 1
| #define HAVE_SYS_TIME_H 1
| #define STDC_HEADERS 1
| #define MODULE_SCOPE extern __attribute__((__visibility__("hidden")))
| #define HAVE_HIDDEN 1
| #define HAVE_CAST_TO_UNION 1
| #define HAVE_STDBOOL_H 1
| #define HAVE_VFORK 1
| #define HAVE_POSIX_SPAWNP 1
| #define HAVE_POSIX_SPAWN_FILE_ACTIONS_ADDDUP2 1
| #define HAVE_POSIX_SPAWNATTR_SETFLAGS 1
| #define TCL_SHLIB_EXT ".so"
| #define NDEBUG 1
| #define TCL_CFG_OPTIMIZED 1
| #define _LARGEFILE64_SOURCE 1
| #define TCL_WIDE_INT_IS_LONG 1
| #define HAVE_INTPTR_T 1
| #define HAVE_UINTPTR_T 1
| #define HAVE_PW_GECOS 1
| /* end confdefs.h.  */
| #include <X11/Xlib.h>
configure:8080: result: couldn't find any!
configure:8206: checking for main in -lXbsd
configure:8226: gcc -o conftest -O2 -g -pipe -Wp,-D_FORTIFY_SOURCE=2 -Wp,-D_GLIBCXX_ASSERTIONS -fexceptions -fstack-protector-strong -grecord-gcc-switches -fasynchronous-unwind-tables -fstack-clash-protection -fcf-protection -fno-omit-frame-pointer  -pipe -finput-charset=UTF-8  -L/app/lib -Wl,-z,relro,-z,now -Wl,--as-needed  -Wl,--export-dynamic  conftest.c -lXbsd   >&5
/usr/lib/gcc/x86_64-unknown-linux-gnu/12.2.0/../../../../x86_64-unknown-linux-gnu/bin/ld: cannot find -lXbsd: No such file or directory
collect2: error: ld returned 1 exit status
configure:8226: $? = 1
configure: failed program was:
| /* confdefs.h */
| #define PACKAGE_NAME "tk"
| #define PACKAGE_TARNAME "tk"
| #define PACKAGE_VERSION "9.0"
| #define PACKAGE_STRING "tk 9.0"
| #define PACKAGE_BUGREPORT ""
| #define PACKAGE_URL ""
| #define TCL_CFGVAL_ENCODING "utf-8"
| #define HAVE_STDIO_H 1
| #define HAVE_STDLIB_H 1
| #define HAVE_STRING_H 1
| #define HAVE_INTTYPES_H 1
| #define HAVE_STDINT_H 1
| #define HAVE_STRINGS_H 1
| #define HAVE_SYS_STAT_H 1
| #define HAVE_SYS_TYPES_H 1
| #define HAVE_UNISTD_H 1
| #define HAVE_SYS_TIME_H 1
| #define STDC_HEADERS 1
| #define MODULE_SCOPE extern __attribute__((__visibility__("hidden")))
| #define HAVE_HIDDEN 1
| #define HAVE_CAST_TO_UNION 1
| #define HAVE_STDBOOL_H 1
| #define HAVE_VFORK 1
| #define HAVE_POSIX_SPAWNP 1
| #define HAVE_POSIX_SPAWN_FILE_ACTIONS_ADDDUP2 1
| #define HAVE_POSIX_SPAWNATTR_SETFLAGS 1
| #define TCL_SHLIB_EXT ".so"
| #define NDEBUG 1
| #define TCL_CFG_OPTIMIZED 1
| #define _LARGEFILE64_SOURCE 1
| #define TCL_WIDE_INT_IS_LONG 1
| #define HAVE_INTPTR_T 1
| #define HAVE_UINTPTR_T 1
| #define HAVE_PW_GECOS 1
| /* end confdefs.h.  */
| 
| 
| int
| main (void)
| {
| return main ();
|   ;
|   return 0;
| }
configure:8238: result: no
configure:8304: checking whether to use xft
configure:8329: result: yes
configure:8336: checking for X11/Xft/Xft.h
configure:8336: gcc -c -O2 -g -pipe -Wp,-D_FORTIFY_SOURCE=2 -Wp,-D_GLIBCXX_ASSERTIONS -fexceptions -fstack-protector-strong -grecord-gcc-switches -fasynchronous-unwind-tables -fstack-clash-protection -fcf-protection -fno-omit-frame-pointer  -pipe -finput-charset=UTF-8  -I/usr/include/freetype2 -I/usr/include/libpng16 -I/usr/include/harfbuzz -I/usr/include/glib-2.0 -I/usr/lib/x86_64-linux-gnu/glib-2.0/include  conftest.c >&5
configure:8336: $? = 0
configure:8336: result: yes
configure:8356: checking for XftFontOpen in -lXft
configure:8385: gcc -o conftest -O2 -g -pipe -Wp,-D_FORTIFY_SOURCE=2 -Wp,-D_GLIBCXX_ASSERTIONS -fexceptions -fstack-protector-strong -grecord-gcc-switches -fasynchronous-unwind-tables -fstack-clash-protection -fcf-protection -fno-omit-frame-pointer  -pipe -finput-charset=UTF-8  -I/usr/include/freetype2 -I/usr/include/libpng16 -I/usr/include/harfbuzz -I/usr/include/glib-2.0 -I/usr/lib/x86_64-linux-gnu/glib-2.0/include  -L/app/lib -Wl,-z,relro,-z,now -Wl,--as-needed  -Wl,--export-dynamic  conftest.c -lXft   -lXft -lfontconfig -lfreetype -lX11 >&5
configure:8385: $? = 0
configure:8397: result: yes
configure:8420: checking for FcFontSort in -lfontconfig
configure:8449: gcc -o conftest -O2 -g -pipe -Wp,-D_FORTIFY_SOURCE=2 -Wp,-D_GLIBCXX_ASSERTIONS -fexceptions -fstack-protector-strong -grecord-gcc-switches -fasynchronous-unwind-tables -fstack-clash-protection -fcf-protection -fno-omit-frame-pointer  -pipe -finput-charset=UTF-8  -I/usr/include/freetype2 -I/usr/include/libpng16 -I/usr/include/harfbuzz -I/usr/include/glib-2.0 -I/usr/lib/x86_64-linux-gnu/glib-2.0/include  -L/app/lib -Wl,-z,relro,-z,now -Wl,--as-needed  -Wl,--export-dynamic  conftest.c -lfontconfig   -lXft -lfontconfig -lfreetype -lX11 -lfontconfig >&5
configure:8449: $? = 0
configure:8461: result: yes
configure:8503: checking whether to use libcups
configure:8528: result: yes
configure:8535: checking for cups/cups.h
configure:8535: gcc -c -O2 -g -pipe -Wp,-D_FORTIFY_SOURCE=2 -Wp,-D_GLIBCXX_ASSERTIONS -fexceptions -fstack-protector-strong -grecord-gcc-switches -fasynchronous-unwind-tables -fstack-clash-protection -fcf-protection -fno-omit-frame-pointer  -pipe -finput-charset=UTF-8  -DHAVE_CUPS  conftest.c >&5
configure:8535: $? = 0
configure:8535: result: yes
configure:8574: checking whether to try to use XScreenSaver
configure:8589: result: yes
configure:8591: checking for X11/extensions/scrnsaver.h
configure:8591: gcc -c -O2 -g -pipe -Wp,-D_FORTIFY_SOURCE=2 -Wp,-D_GLIBCXX_ASSERTIONS -fexceptions -fstack-protector-strong -grecord-gcc-switches -fasynchronous-unwind-tables -fstack-clash-protection -fcf-protection -fno-omit-frame-pointer  -pipe -finput-charset=UTF-8   conftest.c >&5
configure:8591: $? = 0
configure:8591: result: yes
configure:8600: checking for XScreenSaverQueryInfo
configure:8600: gcc -o conftest -O2 -g -pipe -Wp,-D_FORTIFY_SOURCE=2 -Wp,-D_GLIBCXX_ASSERTIONS -fexceptions -fstack-protector-strong -grecord-gcc-switches -fasynchronous-unwind-tables -fstack-clash-protection -fcf-protection -fno-omit-frame-pointer  -pipe -finput-charset=UTF-8   -L/app/lib -Wl,-z,relro,-z,now -Wl,--as-needed  -Wl,--export-dynamic  conftest.c  -lX11 >&5
/usr/lib/gcc/x86_64-unknown-linux-gnu/12.2.0/../../../../x86_64-unknown-linux-gnu/bin/ld: /tmp/ccng1hD4.o: in function `main':
/run/build/tk/unix/conftest.c:66: undefined reference to `XScreenSaverQueryInfo'
collect2: error: ld returned 1 exit status
configure:8600: $? = 1
configure: failed program was:
| /* confdefs.h */
| #define PACKAGE_NAME "tk"
| #define PACKAGE_TARNAME "tk"
| #define PACKAGE_VERSION "9.0"
| #define PACKAGE_STRING "tk 9.0"
| #define PACKAGE_BUGREPORT ""
| #define PACKAGE_URL ""
| #define TCL_CFGVAL_ENCODING "utf-8"
| #define HAVE_STDIO_H 1
| #define HAVE_STDLIB_H 1
| #define HAVE_STRING_H 1
| #define HAVE_INTTYPES_H 1
| #define HAVE_STDINT_H 1
| #define HAVE_STRINGS_H 1
| #define HAVE_SYS_STAT_H 1
| #define HAVE_SYS_TYPES_H 1
| #define HAVE_UNISTD_H 1
| #define HAVE_SYS_TIME_H 1
| #define STDC_HEADERS 1
| #define MODULE_SCOPE extern __attribute__((__visibility__("hidden")))
| #define HAVE_HIDDEN 1
| #define HAVE_CAST_TO_UNION 1
| #define HAVE_STDBOOL_H 1
| #define HAVE_VFORK 1
| #define HAVE_POSIX_SPAWNP 1
| #define HAVE_POSIX_SPAWN_FILE_ACTIONS_ADDDUP2 1
| #define HAVE_POSIX_SPAWNATTR_SETFLAGS 1
| #define TCL_SHLIB_EXT ".so"
| #define NDEBUG 1
| #define TCL_CFG_OPTIMIZED 1
| #define _LARGEFILE64_SOURCE 1
| #define TCL_WIDE_INT_IS_LONG 1
| #define HAVE_INTPTR_T 1
| #define HAVE_UINTPTR_T 1
| #define HAVE_PW_GECOS 1
| #define HAVE_LIBXFT 1
| #define HAVE_XFT 1
| /* end confdefs.h.  */
| /* Define XScreenSaverQueryInfo to an innocuous variant, in case <limits.h> declares XScreenSaverQueryInfo.
|    For example, HP-UX 11i <limits.h> declares gettimeofday.  */
| #define XScreenSaverQueryInfo innocuous_XScreenSaverQueryInfo
| 
| /* System header to define __stub macros and hopefully few prototypes,
|    which can conflict with char XScreenSaverQueryInfo (void); below.  */
| 
| #include <limits.h>
| #undef XScreenSaverQueryInfo
| 
| /* Override any GCC internal prototype to avoid an error.
|    Use char because int might match the return type of a GCC
|    builtin and then its argument prototype would still apply.  */
| #ifdef __cplusplus
| extern "C"
| #endif
| char XScreenSaverQueryInfo (void);
| /* The GNU C library defines this for functions which it implements
|     to always fail with ENOSYS.  Some functions are actually named
|     something starting with __ and the normal name is an alias.  */
| #if defined __stub_XScreenSaverQueryInfo || defined __stub___XScreenSaverQueryInfo
| choke me
| #endif
| 
| int
| main (void)
| {
| return XScreenSaverQueryInfo ();
|   ;
|   return 0;
| }
configure:8600: result: no
configure:8606: checking for XScreenSaverQueryInfo in -lXext
configure:8635: gcc -o conftest -O2 -g -pipe -Wp,-D_FORTIFY_SOURCE=2 -Wp,-D_GLIBCXX_ASSERTIONS -fexceptions -fstack-protector-strong -grecord-gcc-switches -fasynchronous-unwind-tables -fstack-clash-protection -fcf-protection -fno-omit-frame-pointer  -pipe -finput-charset=UTF-8   -L/app/lib -Wl,-z,relro,-z,now -Wl,--as-needed  -Wl,--export-dynamic  conftest.c -lXext   -lX11 >&5
/usr/lib/gcc/x86_64-unknown-linux-gnu/12.2.0/../../../../x86_64-unknown-linux-gnu/bin/ld: /tmp/ccAS167f.o: in function `main':
/run/build/tk/unix/conftest.c:53: undefined reference to `XScreenSaverQueryInfo'
collect2: error: ld returned 1 exit status
configure:8635: $? = 1
configure: failed program was:
| /* confdefs.h */
| #define PACKAGE_NAME "tk"
| #define PACKAGE_TARNAME "tk"
| #define PACKAGE_VERSION "9.0"
| #define PACKAGE_STRING "tk 9.0"
| #define PACKAGE_BUGREPORT ""
| #define PACKAGE_URL ""
| #define TCL_CFGVAL_ENCODING "utf-8"
| #define HAVE_STDIO_H 1
| #define HAVE_STDLIB_H 1
| #define HAVE_STRING_H 1
| #define HAVE_INTTYPES_H 1
| #define HAVE_STDINT_H 1
| #define HAVE_STRINGS_H 1
| #define HAVE_SYS_STAT_H 1
| #define HAVE_SYS_TYPES_H 1
| #define HAVE_UNISTD_H 1
| #define HAVE_SYS_TIME_H 1
| #define STDC_HEADERS 1
| #define MODULE_SCOPE extern __attribute__((__visibility__("hidden")))
| #define HAVE_HIDDEN 1
| #define HAVE_CAST_TO_UNION 1
| #define HAVE_STDBOOL_H 1
| #define HAVE_VFORK 1
| #define HAVE_POSIX_SPAWNP 1
| #define HAVE_POSIX_SPAWN_FILE_ACTIONS_ADDDUP2 1
| #define HAVE_POSIX_SPAWNATTR_SETFLAGS 1
| #define TCL_SHLIB_EXT ".so"
| #define NDEBUG 1
| #define TCL_CFG_OPTIMIZED 1
| #define _LARGEFILE64_SOURCE 1
| #define TCL_WIDE_INT_IS_LONG 1
| #define HAVE_INTPTR_T 1
| #define HAVE_UINTPTR_T 1
| #define HAVE_PW_GECOS 1
| #define HAVE_LIBXFT 1
| #define HAVE_XFT 1
| /* end confdefs.h.  */
| 
| /* Override any GCC internal prototype to avoid an error.
|    Use char because int might match the return type of a GCC
|    builtin and then its argument prototype would still apply.
|    The 'extern "C"' is for builds by C++ compilers;
|    although this is not generally supported in C code supporting it here
|    has little cost and some practical benefit (sr 110532).  */
| #ifdef __cplusplus
| extern "C"
| #endif
| char XScreenSaverQueryInfo (void);
| int
| main (void)
| {
| return XScreenSaverQueryInfo ();
|   ;
|   return 0;
| }
configure:8647: result: no
configure:8657: checking for XScreenSaverQueryInfo in -lXss
configure:8686: gcc -o conftest -O2 -g -pipe -Wp,-D_FORTIFY_SOURCE=2 -Wp,-D_GLIBCXX_ASSERTIONS -fexceptions -fstack-protector-strong -grecord-gcc-switches -fasynchronous-unwind-tables -fstack-clash-protection -fcf-protection -fno-omit-frame-pointer  -pipe -finput-charset=UTF-8   -L/app/lib -Wl,-z,relro,-z,now -Wl,--as-needed  -Wl,--export-dynamic  conftest.c -lXss -lXext  -lX11 >&5
configure:8686: $? = 0
configure:8698: result: yes
configure:8737: checking whether char is unsigned
configure:8757: gcc -c -O2 -g -pipe -Wp,-D_FORTIFY_SOURCE=2 -Wp,-D_GLIBCXX_ASSERTIONS -fexceptions -fstack-protector-strong -grecord-gcc-switches -fasynchronous-unwind-tables -fstack-clash-protection -fcf-protection -fno-omit-frame-pointer  -pipe -finput-charset=UTF-8  conftest.c >&5
configure:8757: $? = 0
configure:8767: result: no
configure:9039: checking for macher
configure:9069: checking for zip
configure:9094: result: /usr/bin/zip
configure:9098: result: Found INFO Zip in environment
configure:9124: checking for building with zipfs
configure:9140: result: yes
configure:9388: creating ./config.status

## ---------------------- ##
## Running config.status. ##
## ---------------------- ##

This file was extended by tk config.status 9.0, which was
generated by GNU Autoconf 2.72.  Invocation command line was

  CONFIG_FILES    = 
  CONFIG_HEADERS  = 
  CONFIG_LINKS    = 
  CONFIG_COMMANDS = 
  $ ./config.status 

on alse

config.status:846: creating Makefile
config.status:846: creating tkConfig.sh
config.status:846: creating tk.pc

## ---------------- ##
## Cache variables. ##
## ---------------- ##

ac_cv_c_bigendian=no
ac_cv_c_char_unsigned=no
ac_cv_c_compiler_gnu=yes
ac_cv_c_inline=inline
ac_cv_c_tclconfig=/app/lib
ac_cv_env_CC_set=
ac_cv_env_CC_value=
ac_cv_env_CFLAGS_set=set
ac_cv_env_CFLAGS_value='-O2 -g -pipe -Wp,-D_FORTIFY_SOURCE=2 -Wp,-D_GLIBCXX_ASSERTIONS -fexceptions -fstack-protector-strong -grecord-gcc-switches -fasynchronous-unwind-tables -fstack-clash-protection -fcf-protection -fno-omit-frame-pointer '
ac_cv_env_CPPFLAGS_set=
ac_cv_env_CPPFLAGS_value=
ac_cv_env_CPP_set=
ac_cv_env_CPP_value=
ac_cv_env_LDFLAGS_set=set
ac_cv_env_LDFLAGS_value='-L/app/lib -Wl,-z,relro,-z,now -Wl,--as-needed '
ac_cv_env_LIBS_set=
ac_cv_env_LIBS_value=
ac_cv_env_XMKMF_set=
ac_cv_env_XMKMF_value=
ac_cv_env_build_alias_set=
ac_cv_env_build_alias_value=
ac_cv_env_host_alias_set=
ac_cv_env_host_alias_value=
ac_cv_env_target_alias_set=
ac_cv_env_target_alias_value=
ac_cv_func_XScreenSaverQueryInfo=no
ac_cv_func_posix_spawn_file_actions_adddup2=yes
ac_cv_func_posix_spawnattr_setflags=yes
ac_cv_func_posix_spawnp=yes
ac_cv_func_vfork=yes
ac_cv_have_x='have_x=yes	ac_x_includes='\'''\''	ac_x_libraries='\'''\'''
ac_cv_header_X11_Xft_Xft_h=yes
ac_cv_header_X11_extensions_scrnsaver_h=yes
ac_cv_header_cups_cups_h=yes
ac_cv_header_inttypes_h=yes
ac_cv_header_stdbool_h=yes
ac_cv_header_stdint_h=yes
ac_cv_header_stdio_h=yes
ac_cv_header_stdlib_h=yes
ac_cv_header_string_h=yes
ac_cv_header_strings_h=yes
ac_cv_header_sys_stat_h=yes
ac_cv_header_sys_time_h=yes
ac_cv_header_sys_types_h=yes
ac_cv_header_unistd_h=yes
ac_cv_lib_Xbsd_main=no
ac_cv_lib_Xext_XScreenSaverQueryInfo=no
ac_cv_lib_Xft_XftFontOpen=yes
ac_cv_lib_Xss_XScreenSaverQueryInfo=yes
ac_cv_lib_dl_dlopen=yes
ac_cv_lib_fontconfig_FcFontSort=yes
ac_cv_nolto=yes
ac_cv_objext=o
ac_cv_path_tclsh=/app/bin/tclsh9.0
ac_cv_path_zip=/usr/bin/zip
ac_cv_prog_ac_ct_AR=ar
ac_cv_prog_ac_ct_CC=gcc
ac_cv_prog_ac_ct_RANLIB=ranlib
ac_cv_prog_cc_c11=
ac_cv_prog_cc_g=yes
ac_cv_prog_cc_stdc=
ac_cv_type_intptr_t=yes
ac_cv_type_mode_t=yes
ac_cv_type_pid_t=yes
ac_cv_type_size_t=yes
ac_cv_type_uintptr_t=yes
tcl_cv_cast_to_union=yes
tcl_cv_cc_input_charset=yes
tcl_cv_cc_pipe=yes
tcl_cv_cc_visibility_hidden=yes
tcl_cv_flag__file_offset_bits=no
tcl_cv_flag__isoc99_source=no
tcl_cv_flag__largefile64_source=yes
tcl_cv_pwd_pw_gecos=yes
tcl_cv_sys_version=Linux-6.1.90-1-generic
tcl_cv_type_64bit=none
tcl_cv_type_fd_set=yes

## ----------------- ##
## Output variables. ##
## ----------------- ##

APP_RSRC_FILE=''
AR='ar'
BUILD_TCLSH='/app/lib/tclsh'
CC='gcc'
CC_FOR_BUILD='$(CC)'
CC_SEARCH_FLAGS='"-Wl,-rpath,${LIB_RUNTIME_DIR}"'
CFBUNDLELOCALIZATIONS=''
CFLAGS='-O2 -g -pipe -Wp,-D_FORTIFY_SOURCE=2 -Wp,-D_GLIBCXX_ASSERTIONS -fexceptions -fstack-protector-strong -grecord-gcc-switches -fasynchronous-unwind-tables -fstack-clash-protection -fcf-protection -fno-omit-frame-pointer  -pipe -finput-charset=UTF-8 '
CFLAGS_DEBUG='-g'
CFLAGS_DEFAULT='$(CFLAGS_OPTIMIZE)'
CFLAGS_NOLTO='-fno-lto'
CFLAGS_OPTIMIZE='-O2'
CFLAGS_WARNING='-Wall -Wextra -Wshadow -Wundef -Wwrite-strings -Wpointer-arith -Wc++-compat -fextended-identifiers'
CPP=''
CPPFLAGS=''
CUPS_CFLAGS='-DHAVE_CUPS'
CUPS_LIBS='-lcups'
DEFS='-DPACKAGE_NAME=\"tk\" -DPACKAGE_TARNAME=\"tk\" -DPACKAGE_VERSION=\"9.0\" -DPACKAGE_STRING=\"tk\ 9.0\" -DPACKAGE_BUGREPORT=\"\" -DPACKAGE_URL=\"\" -DTCL_CFGVAL_ENCODING=\"utf-8\" -DHAVE_STDIO_H=1 -DHAVE_STDLIB_H=1 -DHAVE_STRING_H=1 -DHAVE_INTTYPES_H=1 -DHAVE_STDINT_H=1 -DHAVE_STRINGS_H=1 -DHAVE_SYS_STAT_H=1 -DHAVE_SYS_TYPES_H=1 -DHAVE_UNISTD_H=1 -DHAVE_SYS_TIME_H=1 -DSTDC_HEADERS=1 -DMODULE_SCOPE=extern\ __attribute__\(\(__visibility__\(\"hidden\"\)\)\) -DHAVE_HIDDEN=1 -DHAVE_CAST_TO_UNION=1 -DHAVE_STDBOOL_H=1 -DHAVE_VFORK=1 -DHAVE_POSIX_SPAWNP=1 -DHAVE_POSIX_SPAWN_FILE_ACTIONS_ADDDUP2=1 -DHAVE_POSIX_SPAWNATTR_SETFLAGS=1 -DTCL_SHLIB_EXT=\".so\" -DNDEBUG=1 -DTCL_CFG_OPTIMIZED=1 -D_LARGEFILE64_SOURCE=1 -DTCL_WIDE_INT_IS_LONG=1 -DHAVE_INTPTR_T=1 -DHAVE_UINTPTR_T=1 -DHAVE_PW_GECOS=1 -DHAVE_LIBXFT=1 -DHAVE_XFT=1 -DHAVE_XSS=1 -DZIPFS_BUILD=1'
DEMO_DIR='$(TK_LIBRARY)/demos'
DLL_INSTALL_DIR='$(LIB_INSTALL_DIR)'
DL_LIBS='-ldl'
DL_OBJS='tclLoadDl.o'
ECHO_C=''
ECHO_N='-n'
ECHO_T=''
EXEEXT=''
EXEEXT_FOR_BUILD='$(EXEEXT)'
EXTRA_APP_CC_SWITCHES=''
EXTRA_BUILD_HTML=''
EXTRA_CC_SWITCHES=''
EXTRA_INSTALL=''
EXTRA_INSTALL_BINARIES=''
EXTRA_WISH_LIBS=''
HTML_DIR='$(DISTDIR)/html'
INSTALL_LIB='$(INSTALL_LIBRARY) $(LIB_FILE) "$(LIB_INSTALL_DIR)/$(LIB_FILE)"'
INSTALL_LIBRARIES='install-demos'
INSTALL_MSGS=''
INSTALL_STUB_LIB='$(INSTALL_LIBRARY) $(STUB_LIB_FILE) "$(LIB_INSTALL_DIR)/$(STUB_LIB_FILE)"'
LDAIX_SRC=''
LDFLAGS='-L/app/lib -Wl,-z,relro,-z,now -Wl,--as-needed  -Wl,--export-dynamic '
LDFLAGS_DEBUG=''
LDFLAGS_DEFAULT='$(LDFLAGS_OPTIMIZE)'
LDFLAGS_OPTIMIZE=''
LD_LIBRARY_PATH_VAR='LD_LIBRARY_PATH'
LD_SEARCH_FLAGS='"-Wl,-rpath,${LIB_RUNTIME_DIR}"'
LIBOBJS=''
LIBS=''
LIB_RSRC_FILE=''
LIB_RUNTIME_DIR='$(libdir)'
LOCALES='cs da de el en en_gb eo es fr hu it nl pl pt ru sv'
LTLIBOBJS=''
MACHER_PROG=''
MAKE_LIB='${SHLIB_LD} -o $@ ${OBJS} ${LDFLAGS} ${SHLIB_LD_LIBS} ${TCL_SHLIB_LD_EXTRAS} ${TK_SHLIB_LD_EXTRAS} ${LD_SEARCH_FLAGS}'
MAKE_STUB_LIB='${STLIB_LD} $@ ${STUB_LIB_OBJS} ; ${RANLIB} $@'
MAN_FLAGS=''
OBJEXT='o'
OBJEXT_FOR_BUILD='$(OBJEXT)'
PACKAGE_BUGREPORT=''
PACKAGE_NAME='tk'
PACKAGE_STRING='tk 9.0'
PACKAGE_TARNAME='tk'
PACKAGE_URL=''
PACKAGE_VERSION='9.0'
PATH_SEPARATOR=':'
PLAT_OBJS=''
PLAT_SRCS=''
PRIVATE_INCLUDE_DIR='$(includedir)'
RANLIB='ranlib'
REZ=''
REZ_FLAGS=''
SHARED_BUILD='1'
SHELL='/bin/sh'
SHLIB_CFLAGS='-fPIC -fno-common'
SHLIB_LD='${CC} ${CFLAGS} ${LDFLAGS} -shared'
SHLIB_LD_LIBS='${LIBS} ${TCL_STUB_LIB_SPEC}'
SHLIB_SUFFIX='.so'
STLIB_LD='${AR} cr'
TCLSH_PROG='/app/bin/tclsh9.0'
TCL_BIN_DIR='/app/lib'
TCL_LIBS='-ldl -lz  -lpthread -lm'
TCL_LIB_FILE='libtcl9.0.so'
TCL_LIB_FLAG='-ltcl9.0'
TCL_LIB_SPEC='-L/app/lib -ltcl9.0'
TCL_PATCH_LEVEL='.2'
TCL_SHLIB_LD_EXTRAS=''
TCL_SRC_DIR='/run/build/tcl'
TCL_STUB_FLAGS='-DUSE_TCL_STUBS'
TCL_STUB_LIB_FILE='libtclstub.a'
TCL_STUB_LIB_FLAG='-ltclstub'
TCL_STUB_LIB_SPEC='-L/app/lib -ltclstub'
TCL_VERSION='9.0'
TK_BUILD_LIB_SPEC='-L/run/build/tk/unix -ltcl9tk9.0'
TK_BUILD_STUB_LIB_PATH='/run/build/tk/unix/libtkstub.a'
TK_BUILD_STUB_LIB_SPEC='-L/run/build/tk/unix -ltkstub'
TK_DEMO_DIR='/app/lib/tk9.0/demos'
TK_INCLUDE_SPEC='-I/app/include'
TK_LIBRARY='$(prefix)/lib/tk$(VERSION)'
TK_LIB_FILE='libtcl9tk9.0.so'
TK_LIB_FILE_TCL8='libtk9.0.so'
TK_LIB_FILE_TCL9='libtcl9tk9.0.so'
TK_LIB_FLAG='-ltcl9tk9.0'
TK_LIB_SPEC='-L/app/lib -ltcl9tk9.0'
TK_MAJOR_VERSION='9'
TK_MINOR_VERSION='0'
TK_PATCH_LEVEL='.2'
TK_PKG_DIR='tk$(VERSION)'
TK_RSRC_FILE='tk$(VERSION).rsrc'
TK_SHARED_BUILD='1'
TK_SHLIB_LD_EXTRAS=''
TK_SRC_DIR='/run/build/tk'
TK_STUB_LIB_FILE='libtkstub.a'
TK_STUB_LIB_FLAG='-ltkstub'
TK_STUB_LIB_PATH='/app/lib/libtkstub.a'
TK_STUB_LIB_SPEC='-L/app/lib -ltkstub'
TK_VERSION='9.0'
TK_WINDOWINGSYSTEM='X11'
TK_YEAR=''
TK_ZIP_FILE='libtk9.0.2.zip'
UNIX_FONT_OBJS='tkUnixRFont.o'
WISH_RSRC_FILE='wish$(VERSION).rsrc'
XFT_CFLAGS='-I/usr/include/freetype2 -I/usr/include/libpng16 -I/usr/include/harfbuzz -I/usr/include/glib-2.0 -I/usr/lib/x86_64-linux-gnu/glib-2.0/include'
XFT_LIBS='-lXft -lfontconfig -lfreetype -lfontconfig'
XINCLUDES=''
XLIBSW='-lX11 -lXss -lXext'
XMKMF=''
ZIPFS_BUILD='1'
ZIP_INSTALL_OBJS=''
ZIP_PROG='/usr/bin/zip'
ZIP_PROG_OPTIONS='-rq'
ZIP_PROG_VFSSEARCH='*'
ac_ct_CC='gcc'
bindir='${exec_prefix}/bin'
build_alias=''
datadir='${datarootdir}'
datarootdir='${prefix}/share'
docdir='${datarootdir}/doc/${PACKAGE_TARNAME}'
dvidir='${docdir}'
exec_prefix='/app'
host_alias=''
htmldir='${docdir}'
includedir='${prefix}/include'
infodir='${datarootdir}/info'
libdir='/app/lib'
libexecdir='${exec_prefix}/libexec'
localedir='${datarootdir}/locale'
localstatedir='${prefix}/var'
mandir='${datarootdir}/man'
oldincludedir='/usr/include'
pdfdir='${docdir}'
prefix='/app'
program_transform_name='s,x,x,'
psdir='${docdir}'
runstatedir='${localstatedir}/run'
sbindir='${exec_prefix}/sbin'
sharedstatedir='${prefix}/com'
sysconfdir='${prefix}/etc'
target_alias=''

## ----------- ##
## confdefs.h. ##
## ----------- ##

/* confdefs.h */
#define PACKAGE_NAME "tk"
#define PACKAGE_TARNAME "tk"
#define PACKAGE_VERSION "9.0"
#define PACKAGE_STRING "tk 9.0"
#define PACKAGE_BUGREPORT ""
#define PACKAGE_URL ""
#define TCL_CFGVAL_ENCODING "utf-8"
#define HAVE_STDIO_H 1
#define HAVE_STDLIB_H 1
#define HAVE_STRING_H 1
#define HAVE_INTTYPES_H 1
#define HAVE_STDINT_H 1
#define HAVE_STRINGS_H 1
#define HAVE_SYS_STAT_H 1
#define HAVE_SYS_TYPES_H 1
#define HAVE_UNISTD_H 1
#define HAVE_SYS_TIME_H 1
#define STDC_HEADERS 1
#define MODULE_SCOPE extern __attribute__((__visibility__("hidden")))
#define HAVE_HIDDEN 1
#define HAVE_CAST_TO_UNION 1
#define HAVE_STDBOOL_H 1
#define HAVE_VFORK 1
#define HAVE_POSIX_SPAWNP 1
#define HAVE_POSIX_SPAWN_FILE_ACTIONS_ADDDUP2 1
#define HAVE_POSIX_SPAWNATTR_SETFLAGS 1
#define TCL_SHLIB_EXT ".so"
#define NDEBUG 1
#define TCL_CFG_OPTIMIZED 1
#define _LARGEFILE64_SOURCE 1
#define TCL_WIDE_INT_IS_LONG 1
#define HAVE_INTPTR_T 1
#define HAVE_UINTPTR_T 1
#define HAVE_PW_GECOS 1
#define HAVE_LIBXFT 1
#define HAVE_XFT 1
#define HAVE_XSS 1
#define ZIPFS_BUILD 1

configure: exit 0
